<?xml version="1.0" encoding="UTF-8"?>
<!-- Generated by org.testng.reporters.JUnitReportReporter -->
<testsuite hostname="DESKTOP-5EHA9RM" failures="0" tests="50" name="testngFlag.Flag4" time="0.197" errors="0" timestamp="2023-03-30T20:19:31 IST" skipped="0">
  <testcase classname="testngFlag.Flag4" name="ft" time="0.004"/>
  <system-out>
    <![CDATA[FTC is Executing]]>
  </system-out>
  <testcase classname="testngFlag.Flag4" name="ft" time="0.001"/>
  <system-out>
    <![CDATA[FTC is Executing]]>
  </system-out>
  <testcase classname="testngFlag.Flag4" name="ft" time="0.001"/>
  <system-out>
    <![CDATA[FTC is Executing]]>
  </system-out>
  <testcase classname="testngFlag.Flag4" name="ft" time="0.004"/>
  <system-out>
    <![CDATA[FTC is Executing]]>
  </system-out>
  <testcase classname="testngFlag.Flag4" name="ft" time="0.002"/>
  <system-out>
    <![CDATA[FTC is Executing]]>
  </system-out>
  <testcase classname="testngFlag.Flag4" name="ft" time="0.001"/>
  <system-out>
    <![CDATA[FTC is Executing]]>
  </system-out>
  <testcase classname="testngFlag.Flag4" name="ft" time="0.007"/>
  <system-out>
    <![CDATA[FTC is Executing]]>
  </system-out>
  <testcase classname="testngFlag.Flag4" name="ft" time="0.002"/>
  <system-out>
    <![CDATA[FTC is Executing]]>
  </system-out>
  <testcase classname="testngFlag.Flag4" name="ft" time="0.003"/>
  <system-out>
    <![CDATA[FTC is Executing]]>
  </system-out>
  <testcase classname="testngFlag.Flag4" name="ft" time="0.004"/>
  <system-out>
    <![CDATA[FTC is Executing]]>
  </system-out>
  <testcase classname="testngFlag.Flag4" name="ft" time="0.004"/>
  <system-out>
    <![CDATA[FTC is Executing]]>
  </system-out>
  <testcase classname="testngFlag.Flag4" name="ft" time="0.003"/>
  <system-out>
    <![CDATA[FTC is Executing]]>
  </system-out>
  <testcase classname="testngFlag.Flag4" name="ft" time="0.040"/>
  <system-out>
    <![CDATA[FTC is Executing]]>
  </system-out>
  <testcase classname="testngFlag.Flag4" name="ft" time="0.001"/>
  <system-out>
    <![CDATA[FTC is Executing]]>
  </system-out>
  <testcase classname="testngFlag.Flag4" name="ft" time="0.005"/>
  <system-out>
    <![CDATA[FTC is Executing]]>
  </system-out>
  <testcase classname="testngFlag.Flag4" name="ft" time="0.002"/>
  <system-out>
    <![CDATA[FTC is Executing]]>
  </system-out>
  <testcase classname="testngFlag.Flag4" name="ft" time="0.001"/>
  <system-out>
    <![CDATA[FTC is Executing]]>
  </system-out>
  <testcase classname="testngFlag.Flag4" name="ft" time="0.002"/>
  <system-out>
    <![CDATA[FTC is Executing]]>
  </system-out>
  <testcase classname="testngFlag.Flag4" name="ft" time="0.002"/>
  <system-out>
    <![CDATA[FTC is Executing]]>
  </system-out>
  <testcase classname="testngFlag.Flag4" name="ft" time="0.004"/>
  <system-out>
    <![CDATA[FTC is Executing]]>
  </system-out>
  <testcase classname="testngFlag.Flag4" name="ft" time="0.004"/>
  <system-out>
    <![CDATA[FTC is Executing]]>
  </system-out>
  <testcase classname="testngFlag.Flag4" name="ft" time="0.004"/>
  <system-out>
    <![CDATA[FTC is Executing]]>
  </system-out>
  <testcase classname="testngFlag.Flag4" name="ft" time="0.009"/>
  <system-out>
    <![CDATA[FTC is Executing]]>
  </system-out>
  <testcase classname="testngFlag.Flag4" name="ft" time="0.002"/>
  <system-out>
    <![CDATA[FTC is Executing]]>
  </system-out>
  <testcase classname="testngFlag.Flag4" name="ft" time="0.001"/>
  <system-out>
    <![CDATA[FTC is Executing]]>
  </system-out>
  <testcase classname="testngFlag.Flag4" name="ft" time="0.011"/>
  <system-out>
    <![CDATA[FTC is Executing]]>
  </system-out>
  <testcase classname="testngFlag.Flag4" name="ft" time="0.002"/>
  <system-out>
    <![CDATA[FTC is Executing]]>
  </system-out>
  <testcase classname="testngFlag.Flag4" name="ft" time="0.009"/>
  <system-out>
    <![CDATA[FTC is Executing]]>
  </system-out>
  <testcase classname="testngFlag.Flag4" name="ft" time="0.001"/>
  <system-out>
    <![CDATA[FTC is Executing]]>
  </system-out>
  <testcase classname="testngFlag.Flag4" name="ft" time="0.003"/>
  <system-out>
    <![CDATA[FTC is Executing]]>
  </system-out>
  <testcase classname="testngFlag.Flag4" name="ft" time="0.003"/>
  <system-out>
    <![CDATA[FTC is Executing]]>
  </system-out>
  <testcase classname="testngFlag.Flag4" name="ft" time="0.004"/>
  <system-out>
    <![CDATA[FTC is Executing]]>
  </system-out>
  <testcase classname="testngFlag.Flag4" name="ft" time="0.003"/>
  <system-out>
    <![CDATA[FTC is Executing]]>
  </system-out>
  <testcase classname="testngFlag.Flag4" name="ft" time="0.009"/>
  <system-out>
    <![CDATA[FTC is Executing]]>
  </system-out>
  <testcase classname="testngFlag.Flag4" name="ft" time="0.005"/>
  <system-out>
    <![CDATA[FTC is Executing]]>
  </system-out>
  <testcase classname="testngFlag.Flag4" name="ft" time="0.002"/>
  <system-out>
    <![CDATA[FTC is Executing]]>
  </system-out>
  <testcase classname="testngFlag.Flag4" name="ft" time="0.001"/>
  <system-out>
    <![CDATA[FTC is Executing]]>
  </system-out>
  <testcase classname="testngFlag.Flag4" name="ft" time="0.004"/>
  <system-out>
    <![CDATA[FTC is Executing]]>
  </system-out>
  <testcase classname="testngFlag.Flag4" name="ft" time="0.001"/>
  <system-out>
    <![CDATA[FTC is Executing]]>
  </system-out>
  <testcase classname="testngFlag.Flag4" name="ft" time="0.002"/>
  <system-out>
    <![CDATA[FTC is Executing]]>
  </system-out>
  <testcase classname="testngFlag.Flag4" name="ft" time="0.003"/>
  <system-out>
    <![CDATA[FTC is Executing]]>
  </system-out>
  <testcase classname="testngFlag.Flag4" name="ft" time="0.007"/>
  <system-out>
    <![CDATA[FTC is Executing]]>
  </system-out>
  <testcase classname="testngFlag.Flag4" name="ft" time="0.002"/>
  <system-out>
    <![CDATA[FTC is Executing]]>
  </system-out>
  <testcase classname="testngFlag.Flag4" name="ft" time="0.002"/>
  <system-out>
    <![CDATA[FTC is Executing]]>
  </system-out>
  <testcase classname="testngFlag.Flag4" name="ft" time="0.002"/>
  <system-out>
    <![CDATA[FTC is Executing]]>
  </system-out>
  <testcase classname="testngFlag.Flag4" name="ft" time="0.001"/>
  <system-out>
    <![CDATA[FTC is Executing]]>
  </system-out>
  <testcase classname="testngFlag.Flag4" name="ft" time="0.002"/>
  <system-out>
    <![CDATA[FTC is Executing]]>
  </system-out>
  <testcase classname="testngFlag.Flag4" name="ft" time="0.001"/>
  <system-out>
    <![CDATA[FTC is Executing]]>
  </system-out>
  <testcase classname="testngFlag.Flag4" name="ft" time="0.003"/>
  <system-out>
    <![CDATA[FTC is Executing]]>
  </system-out>
  <testcase classname="testngFlag.Flag4" name="ft" time="0.001"/>
  <system-out>
    <![CDATA[FTC is Executing]]>
  </system-out>
</testsuite> <!-- testngFlag.Flag4 -->
