<?xml version="1.0" encoding="UTF-8"?>
<!-- Generated by org.testng.reporters.JUnitReportReporter -->
<testsuite hostname="DESKTOP-5EHA9RM" failures="0" tests="12" name="testngFlag.GroupExecution" time="0.102" errors="0" timestamp="2023-03-30T19:42:36 IST" skipped="0">
  <testcase classname="testngFlag.GroupExecution" name="it2" time="0.004"/>
  <system-out>
    <![CDATA[ITC2 is Executed!!]]>
  </system-out>
  <testcase classname="testngFlag.GroupExecution" name="it4" time="0.010"/>
  <system-out>
    <![CDATA[ITC4 is Executed!!]]>
  </system-out>
  <testcase classname="testngFlag.GroupExecution" name="st1" time="0.004"/>
  <system-out>
    <![CDATA[STC1 is Executed!!]]>
  </system-out>
  <testcase classname="testngFlag.GroupExecution" name="st2" time="0.007"/>
  <system-out>
    <![CDATA[STC2 is Executed!!]]>
  </system-out>
  <testcase classname="testngFlag.GroupExecution" name="st4" time="0.002"/>
  <system-out>
    <![CDATA[STC4 is Executed!!]]>
  </system-out>
  <testcase classname="testngFlag.GroupExecution" name="it1" time="0.031"/>
  <system-out>
    <![CDATA[ITC1 is Executed!!]]>
  </system-out>
  <testcase classname="testngFlag.GroupExecution" name="st5" time="0.003"/>
  <system-out>
    <![CDATA[STC5 is Executed!!]]>
  </system-out>
  <testcase classname="testngFlag.GroupExecution" name="st6" time="0.006"/>
  <system-out>
    <![CDATA[STC6 is Executed!!]]>
  </system-out>
  <testcase classname="testngFlag.GroupExecution" name="it3" time="0.006"/>
  <system-out>
    <![CDATA[ITC3 is Executed!!]]>
  </system-out>
  <testcase classname="testngFlag.GroupExecution" name="it5" time="0.009"/>
  <system-out>
    <![CDATA[ITC5 is Executed!!]]>
  </system-out>
  <testcase classname="testngFlag.GroupExecution" name="st3" time="0.005"/>
  <system-out>
    <![CDATA[STC3 is Executed!!]]>
  </system-out>
  <testcase classname="testngFlag.GroupExecution" name="it6" time="0.015"/>
  <system-out>
    <![CDATA[ITC6 is Executed!!]]>
  </system-out>
</testsuite> <!-- testngFlag.GroupExecution -->
