<?xml version="1.0" encoding="UTF-8"?>
<!-- Generated by org.testng.reporters.JUnitReportReporter -->
<testsuite hostname="DESKTOP-5EHA9RM" failures="0" tests="3" name="testNGAnnotation.TestAnnotation" time="0.049" errors="0" timestamp="2023-03-27T19:34:29 IST" skipped="0">
  <testcase classname="testNGAnnotation.TestAnnotation" name="g" time="0.008"/>
  <system-out>
    <![CDATA[Test Case 2]]>
  </system-out>
  <testcase classname="testNGAnnotation.TestAnnotation" name="f" time="0.028"/>
  <system-out>
    <![CDATA[Test Case 1]]>
  </system-out>
  <testcase classname="testNGAnnotation.TestAnnotation" name="h" time="0.013"/>
  <system-out>
    <![CDATA[Test Case 3]]>
  </system-out>
</testsuite> <!-- testNGAnnotation.TestAnnotation -->
