<?xml version="1.0" encoding="UTF-8"?>
<!-- Generated by org.testng.reporters.JUnitReportReporter -->
<testsuite hostname="DESKTOP-5EHA9RM" failures="0" tests="3" name="testNGpackage.Demo2" time="0.033" errors="0" timestamp="2023-03-26T12:14:44 IST" skipped="0">
  <testcase classname="testNGpackage.Demo2" name="QSP2" time="0.011"/>
  <system-out>
    <![CDATA[Hadapsar]]>
  </system-out>
  <testcase classname="testNGpackage.Demo2" name="QSP" time="0.005"/>
  <system-out>
    <![CDATA[wakad]]>
  </system-out>
  <testcase classname="testNGpackage.Demo2" name="QSP1" time="0.017"/>
  <system-out>
    <![CDATA[deccan]]>
  </system-out>
</testsuite> <!-- testNGpackage.Demo2 -->
