<?xml version="1.0" encoding="UTF-8"?>
<!-- Generated by org.testng.reporters.JUnitReportReporter -->
<testsuite hostname="DESKTOP-5EHA9RM" failures="0" tests="3" name="testngFlag.Flag5" time="0.039" errors="0" timestamp="2023-03-30T20:32:02 IST" skipped="0">
  <testcase classname="testngFlag.Flag5" name="createUser" time="0.004"/>
  <system-out>
    <![CDATA[User Created]]>
  </system-out>
  <testcase classname="testngFlag.Flag5" name="logout" time="0.006"/>
  <system-out>
    <![CDATA[Logged Out]]>
  </system-out>
  <testcase classname="testngFlag.Flag5" name="login" time="0.029"/>
  <system-out>
    <![CDATA[Logged in!!]]>
  </system-out>
</testsuite> <!-- testngFlag.Flag5 -->
