<?xml version="1.0" encoding="UTF-8"?>
<!-- Generated by org.testng.reporters.JUnitReportReporter -->
<testsuite hostname="DESKTOP-5EHA9RM" failures="0" tests="3" name="testngFlag.Flag3" time="0.045" errors="0" timestamp="2023-03-30T20:14:33 IST" skipped="0">
  <testcase classname="testngFlag.Flag3" name="logOut" time="0.033"/>
  <system-out>
    <![CDATA[Logged Out]]>
  </system-out>
  <testcase classname="testngFlag.Flag3" name="createUser" time="0.007"/>
  <system-out>
    <![CDATA[User Created]]>
  </system-out>
  <testcase classname="testngFlag.Flag3" name="login" time="0.005"/>
  <system-out>
    <![CDATA[Logged in!!]]>
  </system-out>
</testsuite> <!-- testngFlag.Flag3 -->
