<?xml version="1.0" encoding="UTF-8"?>
<!-- Generated by org.testng.reporters.JUnitReportReporter -->
<testsuite hostname="DESKTOP-5EHA9RM" failures="0" tests="2" name="testNGExecution.MethodsExe" time="0.035" errors="0" timestamp="2023-03-28T19:58:00 IST" skipped="0">
  <testcase classname="testNGExecution.MethodsExe" name="method1" time="0.030"/>
  <system-out>
    <![CDATA[15is the threadid
method1]]>
  </system-out>
  <testcase classname="testNGExecution.MethodsExe" name="method2" time="0.005"/>
  <system-out>
    <![CDATA[15is the threadid1
method2]]>
  </system-out>
</testsuite> <!-- testNGExecution.MethodsExe -->
