<?xml version="1.0" encoding="UTF-8"?>
<!-- Generated by org.testng.reporters.JUnitReportReporter -->
<testsuite hostname="DESKTOP-5EHA9RM" failures="0" tests="1" name="testNGpackage.Demo" time="0.031" errors="0" timestamp="2023-03-26T11:55:12 IST" skipped="0">
  <testcase classname="testNGpackage.Demo" name="f" time="0.031"/>
  <system-out>
    <![CDATA[sunday!!]]>
  </system-out>
</testsuite> <!-- testNGpackage.Demo -->
