<?xml version="1.0" encoding="UTF-8"?>
<!-- Generated by org.testng.reporters.JUnitReportReporter -->
<testsuite hostname="LAPTOP-3AID347Q" failures="0" tests="2" name="testngFlag.Flag2" time="0.012" errors="0" timestamp="2023-04-26T00:11:03 IST" skipped="0">
  <testcase classname="testngFlag.Flag2" name="search2" time="0.002"/>
  <system-out>
    <![CDATA[Login Page]]>
  </system-out>
  <testcase classname="testngFlag.Flag2" name="search1" time="0.010"/>
  <system-out>
    <![CDATA[SQL]]>
  </system-out>
</testsuite> <!-- testngFlag.Flag2 -->
