<?xml version="1.0" encoding="UTF-8"?>
<!-- Generated by org.testng.reporters.JUnitReportReporter -->
<testsuite hostname="DESKTOP-5EHA9RM" failures="0" tests="2" name="testngFlag.Flag6" time="0.066" errors="0" timestamp="2023-03-31T19:23:51 IST" skipped="1">
  <testcase classname="testngFlag.Flag6" name="login" time="0.066"/>
  <system-out>
    <![CDATA[Login Method]]>
  </system-out>
  <testcase classname="testngFlag.Flag6" name="logout">
    <skipped/>
  </testcase> <!-- logout -->
  <system-out/>
</testsuite> <!-- testngFlag.Flag6 -->
