<?xml version="1.0" encoding="UTF-8"?>
<!-- Generated by org.testng.reporters.JUnitReportReporter -->
<testsuite hostname="DESKTOP-5EHA9RM" failures="0" tests="3" name="testNGpackage.Demo1" time="0.013" errors="0" timestamp="2023-03-26T12:14:44 IST" skipped="0">
  <testcase classname="testNGpackage.Demo1" name="m2" time="0.006"/>
  <system-out>
    <![CDATA[method name is m2]]>
  </system-out>
  <testcase classname="testNGpackage.Demo1" name="m1" time="0.002"/>
  <system-out>
    <![CDATA[method name is m1]]>
  </system-out>
  <testcase classname="testNGpackage.Demo1" name="m3" time="0.005"/>
  <system-out>
    <![CDATA[method name is m3]]>
  </system-out>
</testsuite> <!-- testNGpackage.Demo1 -->
